<?xml version="1.0" encoding="UTF-8"?>
<!-- Generated by org.testng.reporters.JUnitReportReporter -->
<testsuite skipped="0" hostname="DESKTOP-D8HNM4S" name="selenium_grid_package.Node2" tests="1" failures="0" timestamp="13 Mar 2019 06:39:04 GMT" time="30.202" errors="0">
  <testcase name="node2" time="30.202" classname="selenium_grid_package.Node2"/>
</testsuite> <!-- selenium_grid_package.Node2 -->
