<?xml version="1.0" encoding="UTF-8"?>
<!-- Generated by org.testng.reporters.JUnitReportReporter -->
<testsuite skipped="0" hostname="DESKTOP-D8HNM4S" name="selenium_grid_package.Node1Node2Node3" tests="3" failures="0" timestamp="13 Mar 2019 06:42:03 GMT" time="86.663" errors="0">
  <testcase name="node1" time="23.839" classname="selenium_grid_package.Node1Node2Node3"/>
  <testcase name="node2" time="17.204" classname="selenium_grid_package.Node1Node2Node3"/>
  <testcase name="node3" time="45.620" classname="selenium_grid_package.Node1Node2Node3"/>
</testsuite> <!-- selenium_grid_package.Node1Node2Node3 -->
